INFO:__main__:Starting daily Kraken balance snapshot...
INFO:__main__:SUCCESS: Saved balance $34,502.95
INFO:__main__:No previous snapshot found - skipping return calculation (first day)
INFO:__main__:Fetching trades...
INFO:__main__:First trade pull - fetching all available trades
INFO:__main__:Trade sync complete: 1 new trades saved
{'AVAX': {'free': 0.0, 'total': 0.0, 'used': 0.0},
 'AVAX.F': {'free': 0.0052720154, 'total': 0.0052720154, 'used': 0.0},
 'BABY': {'free': 13.32033, 'total': 13.32033, 'used': 0.0},
 'BTC': {'free': 0.0, 'total': 0.0, 'used': 0.0},
 'BTC.F': {'free': 0.08328719, 'total': 0.08328719, 'used': 0.0},
 'DOGE': {'free': 0.0, 'total': 0.0, 'used': 0.0},
 'DOGE.F': {'free': 0.60365048, 'total': 0.60365048, 'used': 0.0},
 'DOT': {'free': 0.0, 'total': 0.0, 'used': 0.0},
 'DOT.F': {'free': 0.0010322587, 'total': 0.0010322587, 'used': 0.0},
 'ETH': {'free': 0.0, 'total': 0.0, 'used': 0.0},
 'ETH.F': {'free': 2.4448815624, 'total': 2.4448815624, 'used': 0.0},
 'KFEE': {'free': 0.0, 'total': 0.0, 'used': 0.0},
 'LTC': {'free': 0.0, 'total': 0.0, 'used': 0.0},
 'LTC.F': {'free': 81.5300943022, 'total': 81.5300943022, 'used': 0.0},
 'SOL': {'free': 0.0, 'total': 0.0, 'used': 0.0},
 'SOL.F': {'free': 6.9e-09, 'total': 6.9e-09, 'used': 0.0},
 'USD': {'free': 0.0, 'total': 0.0, 'used': 0.0},
 'USD.F': {'free': 109.0685, 'total': 109.0685, 'used': 0.0},
 'USDT': {'free': 0.0, 'total': 0.0, 'used': 0.0},
 'USDT.F': {'free': 0.00085697, 'total': 0.00085697, 'used': 0.0},
 'XRP': {'free': 0.0, 'total': 0.0, 'used': 0.0},
 'XRP.F': {'free': 3586.97498509, 'total': 3586.97498509, 'used': 0.0},
 'datetime': None,
 'free': {'AVAX': 0.0,
          'AVAX.F': 0.0052720154,
          'BABY': 13.32033,
          'BTC': 0.0,
          'BTC.F': 0.08328719,
          'DOGE': 0.0,
          'DOGE.F': 0.60365048,
          'DOT': 0.0,
          'DOT.F': 0.0010322587,
          'ETH': 0.0,
          'ETH.F': 2.4448815624,
          'KFEE': 0.0,
          'LTC': 0.0,
          'LTC.F': 81.5300943022,
          'SOL': 0.0,
          'SOL.F': 6.9e-09,
          'USD': 0.0,
          'USD.F': 109.0685,
          'USDT': 0.0,
          'USDT.F': 0.00085697,
          'XRP': 0.0,
          'XRP.F': 3586.97498509},
 'info': {'error': [],
          'result': {'AVAX': {'balance': '0.0000000000',
                              'hold_trade': '0.0000000000'},
                     'AVAX.F': {'balance': '0.0052720154',
                                'hold_trade': '0.0000000000'},
                     'BABY': {'balance': '13.32033', 'hold_trade': '0.00000'},
                     'DOT': {'balance': '0.0000000000',
                             'hold_trade': '0.0000000000'},
                     'DOT.F': {'balance': '0.0010322587',
                               'hold_trade': '0.0000000000'},
                     'ETH.F': {'balance': '2.4448815624',
                               'hold_trade': '0.0000000000'},
                     'KFEE': {'balance': '0.00', 'hold_trade': '0.00'},
                     'LTC.F': {'balance': '81.5300943022',
                               'hold_trade': '0.0000000000'},
                     'SOL': {'balance': '0.0000000000',
                             'hold_trade': '0.0000000000'},
                     'SOL.F': {'balance': '0.0000000069',
                               'hold_trade': '0.0000000000'},
                     'USD.F': {'balance': '109.0685', 'hold_trade': '0.0000'},
                     'USDT': {'balance': '0.00000000',
                              'hold_trade': '0.00000000'},
                     'USDT.F': {'balance': '0.00085697',
                                'hold_trade': '0.00000000'},
                     'XBT.F': {'balance': '0.0832871900',
                               'hold_trade': '0.0000000000'},
                     'XDG.F': {'balance': '0.60365048',
                               'hold_trade': '0.00000000'},
                     'XETH': {'balance': '0.0000000000',
                              'hold_trade': '0.0000000000'},
                     'XLTC': {'balance': '0.0000000000',
                              'hold_trade': '0.0000000000'},
                     'XRP.F': {'balance': '3586.97498509',
                               'hold_trade': '0.00000000'},
                     'XXBT': {'balance': '0.0000000000',
                              'hold_trade': '0.0000000000'},
                     'XXDG': {'balance': '0.00000000',
                              'hold_trade': '0.00000000'},
                     'XXRP': {'balance': '0.00000000',
                              'hold_trade': '0.00000000'},
                     'ZUSD': {'balance': '0.0000', 'hold_trade': '0.0000'}}},
 'timestamp': None,
 'total': {'AVAX': 0.0,
           'AVAX.F': 0.0052720154,
           'BABY': 13.32033,
           'BTC': 0.0,
           'BTC.F': 0.08328719,
           'DOGE': 0.0,
           'DOGE.F': 0.60365048,
           'DOT': 0.0,
           'DOT.F': 0.0010322587,
           'ETH': 0.0,
           'ETH.F': 2.4448815624,
           'KFEE': 0.0,
           'LTC': 0.0,
           'LTC.F': 81.5300943022,
           'SOL': 0.0,
           'SOL.F': 6.9e-09,
           'USD': 0.0,
           'USD.F': 109.0685,
           'USDT': 0.0,
           'USDT.F': 0.00085697,
           'XRP': 0.0,
           'XRP.F': 3586.97498509},
 'used': {'AVAX': 0.0,
          'AVAX.F': 0.0,
          'BABY': 0.0,
          'BTC': 0.0,
          'BTC.F': 0.0,
          'DOGE': 0.0,
          'DOGE.F': 0.0,
          'DOT': 0.0,
          'DOT.F': 0.0,
          'ETH': 0.0,
          'ETH.F': 0.0,
          'KFEE': 0.0,
          'LTC': 0.0,
          'LTC.F': 0.0,
          'SOL': 0.0,
          'SOL.F': 0.0,
          'USD': 0.0,
          'USD.F': 0.0,
          'USDT': 0.0,
          'USDT.F': 0.0,
          'XRP': 0.0,
          'XRP.F': 0.0}}
Daily returns table created/verified
Trades table created/verified
Saved balance snapshot for 8ISHwPhY on 2025-11-11
Inserted 1 new trades
INFO:__main__:Starting daily Kraken balance snapshot...
INFO:__main__:SUCCESS: Saved balance $34,501.45
INFO:__main__:No previous snapshot found - skipping return calculation (first day)
INFO:__main__:Fetching trades...
INFO:__main__:Fetching trades since timestamp: 1762722160162
INFO:__main__:Trade sync complete: 0 new trades saved
{'AVAX': {'free': 0.0, 'total': 0.0, 'used': 0.0},
 'AVAX.F': {'free': 0.0052720154, 'total': 0.0052720154, 'used': 0.0},
 'BABY': {'free': 13.32033, 'total': 13.32033, 'used': 0.0},
 'BTC': {'free': 0.0, 'total': 0.0, 'used': 0.0},
 'BTC.F': {'free': 0.08328719, 'total': 0.08328719, 'used': 0.0},
 'DOGE': {'free': 0.0, 'total': 0.0, 'used': 0.0},
 'DOGE.F': {'free': 0.60365048, 'total': 0.60365048, 'used': 0.0},
 'DOT': {'free': 0.0, 'total': 0.0, 'used': 0.0},
 'DOT.F': {'free': 0.0010322587, 'total': 0.0010322587, 'used': 0.0},
 'ETH': {'free': 0.0, 'total': 0.0, 'used': 0.0},
 'ETH.F': {'free': 2.4448815624, 'total': 2.4448815624, 'used': 0.0},
 'KFEE': {'free': 0.0, 'total': 0.0, 'used': 0.0},
 'LTC': {'free': 0.0, 'total': 0.0, 'used': 0.0},
 'LTC.F': {'free': 81.5300943022, 'total': 81.5300943022, 'used': 0.0},
 'SOL': {'free': 0.0, 'total': 0.0, 'used': 0.0},
 'SOL.F': {'free': 6.9e-09, 'total': 6.9e-09, 'used': 0.0},
 'USD': {'free': 0.0, 'total': 0.0, 'used': 0.0},
 'USD.F': {'free': 109.0685, 'total': 109.0685, 'used': 0.0},
 'USDT': {'free': 0.0, 'total': 0.0, 'used': 0.0},
 'USDT.F': {'free': 0.00085697, 'total': 0.00085697, 'used': 0.0},
 'XRP': {'free': 0.0, 'total': 0.0, 'used': 0.0},
 'XRP.F': {'free': 3586.97498509, 'total': 3586.97498509, 'used': 0.0},
 'datetime': None,
 'free': {'AVAX': 0.0,
          'AVAX.F': 0.0052720154,
          'BABY': 13.32033,
          'BTC': 0.0,
          'BTC.F': 0.08328719,
          'DOGE': 0.0,
          'DOGE.F': 0.60365048,
          'DOT': 0.0,
          'DOT.F': 0.0010322587,
          'ETH': 0.0,
          'ETH.F': 2.4448815624,
          'KFEE': 0.0,
          'LTC': 0.0,
          'LTC.F': 81.5300943022,
          'SOL': 0.0,
          'SOL.F': 6.9e-09,
          'USD': 0.0,
          'USD.F': 109.0685,
          'USDT': 0.0,
          'USDT.F': 0.00085697,
          'XRP': 0.0,
          'XRP.F': 3586.97498509},
 'info': {'error': [],
          'result': {'AVAX': {'balance': '0.0000000000',
                              'hold_trade': '0.0000000000'},
                     'AVAX.F': {'balance': '0.0052720154',
                                'hold_trade': '0.0000000000'},
                     'BABY': {'balance': '13.32033', 'hold_trade': '0.00000'},
                     'DOT': {'balance': '0.0000000000',
                             'hold_trade': '0.0000000000'},
                     'DOT.F': {'balance': '0.0010322587',
                               'hold_trade': '0.0000000000'},
                     'ETH.F': {'balance': '2.4448815624',
                               'hold_trade': '0.0000000000'},
                     'KFEE': {'balance': '0.00', 'hold_trade': '0.00'},
                     'LTC.F': {'balance': '81.5300943022',
                               'hold_trade': '0.0000000000'},
                     'SOL': {'balance': '0.0000000000',
                             'hold_trade': '0.0000000000'},
                     'SOL.F': {'balance': '0.0000000069',
                               'hold_trade': '0.0000000000'},
                     'USD.F': {'balance': '109.0685', 'hold_trade': '0.0000'},
                     'USDT': {'balance': '0.00000000',
                              'hold_trade': '0.00000000'},
                     'USDT.F': {'balance': '0.00085697',
                                'hold_trade': '0.00000000'},
                     'XBT.F': {'balance': '0.0832871900',
                               'hold_trade': '0.0000000000'},
                     'XDG.F': {'balance': '0.60365048',
                               'hold_trade': '0.00000000'},
                     'XETH': {'balance': '0.0000000000',
                              'hold_trade': '0.0000000000'},
                     'XLTC': {'balance': '0.0000000000',
                              'hold_trade': '0.0000000000'},
                     'XRP.F': {'balance': '3586.97498509',
                               'hold_trade': '0.00000000'},
                     'XXBT': {'balance': '0.0000000000',
                              'hold_trade': '0.0000000000'},
                     'XXDG': {'balance': '0.00000000',
                              'hold_trade': '0.00000000'},
                     'XXRP': {'balance': '0.00000000',
                              'hold_trade': '0.00000000'},
                     'ZUSD': {'balance': '0.0000', 'hold_trade': '0.0000'}}},
 'timestamp': None,
 'total': {'AVAX': 0.0,
           'AVAX.F': 0.0052720154,
           'BABY': 13.32033,
           'BTC': 0.0,
           'BTC.F': 0.08328719,
           'DOGE': 0.0,
           'DOGE.F': 0.60365048,
           'DOT': 0.0,
           'DOT.F': 0.0010322587,
           'ETH': 0.0,
           'ETH.F': 2.4448815624,
           'KFEE': 0.0,
           'LTC': 0.0,
           'LTC.F': 81.5300943022,
           'SOL': 0.0,
           'SOL.F': 6.9e-09,
           'USD': 0.0,
           'USD.F': 109.0685,
           'USDT': 0.0,
           'USDT.F': 0.00085697,
           'XRP': 0.0,
           'XRP.F': 3586.97498509},
 'used': {'AVAX': 0.0,
          'AVAX.F': 0.0,
          'BABY': 0.0,
          'BTC': 0.0,
          'BTC.F': 0.0,
          'DOGE': 0.0,
          'DOGE.F': 0.0,
          'DOT': 0.0,
          'DOT.F': 0.0,
          'ETH': 0.0,
          'ETH.F': 0.0,
          'KFEE': 0.0,
          'LTC': 0.0,
          'LTC.F': 0.0,
          'SOL': 0.0,
          'SOL.F': 0.0,
          'USD': 0.0,
          'USD.F': 0.0,
          'USDT': 0.0,
          'USDT.F': 0.0,
          'XRP': 0.0,
          'XRP.F': 0.0}}
Daily returns table created/verified
Trades table created/verified
Saved balance snapshot for 8ISHwPhY on 2025-11-11
Inserted 0 new trades
INFO:__main__:Starting daily Kraken balance snapshot...
INFO:__main__:SUCCESS: Saved balance $34,501.94
INFO:__main__:No previous snapshot found - skipping return calculation (first day)
INFO:__main__:Fetching trades...
INFO:__main__:Fetching trades since timestamp: 1762722160162
INFO:__main__:Trade sync complete: 0 new trades saved
{'AVAX': {'free': 0.0, 'total': 0.0, 'used': 0.0},
 'AVAX.F': {'free': 0.0052720154, 'total': 0.0052720154, 'used': 0.0},
 'BABY': {'free': 13.32033, 'total': 13.32033, 'used': 0.0},
 'BTC': {'free': 0.0, 'total': 0.0, 'used': 0.0},
 'BTC.F': {'free': 0.08328719, 'total': 0.08328719, 'used': 0.0},
 'DOGE': {'free': 0.0, 'total': 0.0, 'used': 0.0},
 'DOGE.F': {'free': 0.60365048, 'total': 0.60365048, 'used': 0.0},
 'DOT': {'free': 0.0, 'total': 0.0, 'used': 0.0},
 'DOT.F': {'free': 0.0010322587, 'total': 0.0010322587, 'used': 0.0},
 'ETH': {'free': 0.0, 'total': 0.0, 'used': 0.0},
 'ETH.F': {'free': 2.4448815624, 'total': 2.4448815624, 'used': 0.0},
 'KFEE': {'free': 0.0, 'total': 0.0, 'used': 0.0},
 'LTC': {'free': 0.0, 'total': 0.0, 'used': 0.0},
 'LTC.F': {'free': 81.5300943022, 'total': 81.5300943022, 'used': 0.0},
 'SOL': {'free': 0.0, 'total': 0.0, 'used': 0.0},
 'SOL.F': {'free': 6.9e-09, 'total': 6.9e-09, 'used': 0.0},
 'USD': {'free': 0.0, 'total': 0.0, 'used': 0.0},
 'USD.F': {'free': 109.0685, 'total': 109.0685, 'used': 0.0},
 'USDT': {'free': 0.0, 'total': 0.0, 'used': 0.0},
 'USDT.F': {'free': 0.00085697, 'total': 0.00085697, 'used': 0.0},
 'XRP': {'free': 0.0, 'total': 0.0, 'used': 0.0},
 'XRP.F': {'free': 3586.97498509, 'total': 3586.97498509, 'used': 0.0},
 'datetime': None,
 'free': {'AVAX': 0.0,
          'AVAX.F': 0.0052720154,
          'BABY': 13.32033,
          'BTC': 0.0,
          'BTC.F': 0.08328719,
          'DOGE': 0.0,
          'DOGE.F': 0.60365048,
          'DOT': 0.0,
          'DOT.F': 0.0010322587,
          'ETH': 0.0,
          'ETH.F': 2.4448815624,
          'KFEE': 0.0,
          'LTC': 0.0,
          'LTC.F': 81.5300943022,
          'SOL': 0.0,
          'SOL.F': 6.9e-09,
          'USD': 0.0,
          'USD.F': 109.0685,
          'USDT': 0.0,
          'USDT.F': 0.00085697,
          'XRP': 0.0,
          'XRP.F': 3586.97498509},
 'info': {'error': [],
          'result': {'AVAX': {'balance': '0.0000000000',
                              'hold_trade': '0.0000000000'},
                     'AVAX.F': {'balance': '0.0052720154',
                                'hold_trade': '0.0000000000'},
                     'BABY': {'balance': '13.32033', 'hold_trade': '0.00000'},
                     'DOT': {'balance': '0.0000000000',
                             'hold_trade': '0.0000000000'},
                     'DOT.F': {'balance': '0.0010322587',
                               'hold_trade': '0.0000000000'},
                     'ETH.F': {'balance': '2.4448815624',
                               'hold_trade': '0.0000000000'},
                     'KFEE': {'balance': '0.00', 'hold_trade': '0.00'},
                     'LTC.F': {'balance': '81.5300943022',
                               'hold_trade': '0.0000000000'},
                     'SOL': {'balance': '0.0000000000',
                             'hold_trade': '0.0000000000'},
                     'SOL.F': {'balance': '0.0000000069',
                               'hold_trade': '0.0000000000'},
                     'USD.F': {'balance': '109.0685', 'hold_trade': '0.0000'},
                     'USDT': {'balance': '0.00000000',
                              'hold_trade': '0.00000000'},
                     'USDT.F': {'balance': '0.00085697',
                                'hold_trade': '0.00000000'},
                     'XBT.F': {'balance': '0.0832871900',
                               'hold_trade': '0.0000000000'},
                     'XDG.F': {'balance': '0.60365048',
                               'hold_trade': '0.00000000'},
                     'XETH': {'balance': '0.0000000000',
                              'hold_trade': '0.0000000000'},
                     'XLTC': {'balance': '0.0000000000',
                              'hold_trade': '0.0000000000'},
                     'XRP.F': {'balance': '3586.97498509',
                               'hold_trade': '0.00000000'},
                     'XXBT': {'balance': '0.0000000000',
                              'hold_trade': '0.0000000000'},
                     'XXDG': {'balance': '0.00000000',
                              'hold_trade': '0.00000000'},
                     'XXRP': {'balance': '0.00000000',
                              'hold_trade': '0.00000000'},
                     'ZUSD': {'balance': '0.0000', 'hold_trade': '0.0000'}}},
 'timestamp': None,
 'total': {'AVAX': 0.0,
           'AVAX.F': 0.0052720154,
           'BABY': 13.32033,
           'BTC': 0.0,
           'BTC.F': 0.08328719,
           'DOGE': 0.0,
           'DOGE.F': 0.60365048,
           'DOT': 0.0,
           'DOT.F': 0.0010322587,
           'ETH': 0.0,
           'ETH.F': 2.4448815624,
           'KFEE': 0.0,
           'LTC': 0.0,
           'LTC.F': 81.5300943022,
           'SOL': 0.0,
           'SOL.F': 6.9e-09,
           'USD': 0.0,
           'USD.F': 109.0685,
           'USDT': 0.0,
           'USDT.F': 0.00085697,
           'XRP': 0.0,
           'XRP.F': 3586.97498509},
 'used': {'AVAX': 0.0,
          'AVAX.F': 0.0,
          'BABY': 0.0,
          'BTC': 0.0,
          'BTC.F': 0.0,
          'DOGE': 0.0,
          'DOGE.F': 0.0,
          'DOT': 0.0,
          'DOT.F': 0.0,
          'ETH': 0.0,
          'ETH.F': 0.0,
          'KFEE': 0.0,
          'LTC': 0.0,
          'LTC.F': 0.0,
          'SOL': 0.0,
          'SOL.F': 0.0,
          'USD': 0.0,
          'USD.F': 0.0,
          'USDT': 0.0,
          'USDT.F': 0.0,
          'XRP': 0.0,
          'XRP.F': 0.0}}
Daily returns table created/verified
Trades table created/verified
Saved balance snapshot for 8ISHwPhY on 2025-11-11
Inserted 0 new trades
INFO:__main__:Starting daily Kraken balance snapshot...
INFO:__main__:SUCCESS: Saved balance $34,501.09
INFO:__main__:No previous snapshot found - skipping return calculation (first day)
INFO:__main__:Fetching trades...
INFO:__main__:Fetching trades since timestamp: 1762722160162
INFO:__main__:Trade sync complete: 0 new trades saved
{'AVAX': {'free': 0.0, 'total': 0.0, 'used': 0.0},
 'AVAX.F': {'free': 0.0052720154, 'total': 0.0052720154, 'used': 0.0},
 'BABY': {'free': 13.32033, 'total': 13.32033, 'used': 0.0},
 'BTC': {'free': 0.0, 'total': 0.0, 'used': 0.0},
 'BTC.F': {'free': 0.08328719, 'total': 0.08328719, 'used': 0.0},
 'DOGE': {'free': 0.0, 'total': 0.0, 'used': 0.0},
 'DOGE.F': {'free': 0.60365048, 'total': 0.60365048, 'used': 0.0},
 'DOT': {'free': 0.0, 'total': 0.0, 'used': 0.0},
 'DOT.F': {'free': 0.0010322587, 'total': 0.0010322587, 'used': 0.0},
 'ETH': {'free': 0.0, 'total': 0.0, 'used': 0.0},
 'ETH.F': {'free': 2.4448815624, 'total': 2.4448815624, 'used': 0.0},
 'KFEE': {'free': 0.0, 'total': 0.0, 'used': 0.0},
 'LTC': {'free': 0.0, 'total': 0.0, 'used': 0.0},
 'LTC.F': {'free': 81.5300943022, 'total': 81.5300943022, 'used': 0.0},
 'SOL': {'free': 0.0, 'total': 0.0, 'used': 0.0},
 'SOL.F': {'free': 6.9e-09, 'total': 6.9e-09, 'used': 0.0},
 'USD': {'free': 0.0, 'total': 0.0, 'used': 0.0},
 'USD.F': {'free': 109.0685, 'total': 109.0685, 'used': 0.0},
 'USDT': {'free': 0.0, 'total': 0.0, 'used': 0.0},
 'USDT.F': {'free': 0.00085697, 'total': 0.00085697, 'used': 0.0},
 'XRP': {'free': 0.0, 'total': 0.0, 'used': 0.0},
 'XRP.F': {'free': 3586.97498509, 'total': 3586.97498509, 'used': 0.0},
 'datetime': None,
 'free': {'AVAX': 0.0,
          'AVAX.F': 0.0052720154,
          'BABY': 13.32033,
          'BTC': 0.0,
          'BTC.F': 0.08328719,
          'DOGE': 0.0,
          'DOGE.F': 0.60365048,
          'DOT': 0.0,
          'DOT.F': 0.0010322587,
          'ETH': 0.0,
          'ETH.F': 2.4448815624,
          'KFEE': 0.0,
          'LTC': 0.0,
          'LTC.F': 81.5300943022,
          'SOL': 0.0,
          'SOL.F': 6.9e-09,
          'USD': 0.0,
          'USD.F': 109.0685,
          'USDT': 0.0,
          'USDT.F': 0.00085697,
          'XRP': 0.0,
          'XRP.F': 3586.97498509},
 'info': {'error': [],
          'result': {'AVAX': {'balance': '0.0000000000',
                              'hold_trade': '0.0000000000'},
                     'AVAX.F': {'balance': '0.0052720154',
                                'hold_trade': '0.0000000000'},
                     'BABY': {'balance': '13.32033', 'hold_trade': '0.00000'},
                     'DOT': {'balance': '0.0000000000',
                             'hold_trade': '0.0000000000'},
                     'DOT.F': {'balance': '0.0010322587',
                               'hold_trade': '0.0000000000'},
                     'ETH.F': {'balance': '2.4448815624',
                               'hold_trade': '0.0000000000'},
                     'KFEE': {'balance': '0.00', 'hold_trade': '0.00'},
                     'LTC.F': {'balance': '81.5300943022',
                               'hold_trade': '0.0000000000'},
                     'SOL': {'balance': '0.0000000000',
                             'hold_trade': '0.0000000000'},
                     'SOL.F': {'balance': '0.0000000069',
                               'hold_trade': '0.0000000000'},
                     'USD.F': {'balance': '109.0685', 'hold_trade': '0.0000'},
                     'USDT': {'balance': '0.00000000',
                              'hold_trade': '0.00000000'},
                     'USDT.F': {'balance': '0.00085697',
                                'hold_trade': '0.00000000'},
                     'XBT.F': {'balance': '0.0832871900',
                               'hold_trade': '0.0000000000'},
                     'XDG.F': {'balance': '0.60365048',
                               'hold_trade': '0.00000000'},
                     'XETH': {'balance': '0.0000000000',
                              'hold_trade': '0.0000000000'},
                     'XLTC': {'balance': '0.0000000000',
                              'hold_trade': '0.0000000000'},
                     'XRP.F': {'balance': '3586.97498509',
                               'hold_trade': '0.00000000'},
                     'XXBT': {'balance': '0.0000000000',
                              'hold_trade': '0.0000000000'},
                     'XXDG': {'balance': '0.00000000',
                              'hold_trade': '0.00000000'},
                     'XXRP': {'balance': '0.00000000',
                              'hold_trade': '0.00000000'},
                     'ZUSD': {'balance': '0.0000', 'hold_trade': '0.0000'}}},
 'timestamp': None,
 'total': {'AVAX': 0.0,
           'AVAX.F': 0.0052720154,
           'BABY': 13.32033,
           'BTC': 0.0,
           'BTC.F': 0.08328719,
           'DOGE': 0.0,
           'DOGE.F': 0.60365048,
           'DOT': 0.0,
           'DOT.F': 0.0010322587,
           'ETH': 0.0,
           'ETH.F': 2.4448815624,
           'KFEE': 0.0,
           'LTC': 0.0,
           'LTC.F': 81.5300943022,
           'SOL': 0.0,
           'SOL.F': 6.9e-09,
           'USD': 0.0,
           'USD.F': 109.0685,
           'USDT': 0.0,
           'USDT.F': 0.00085697,
           'XRP': 0.0,
           'XRP.F': 3586.97498509},
 'used': {'AVAX': 0.0,
          'AVAX.F': 0.0,
          'BABY': 0.0,
          'BTC': 0.0,
          'BTC.F': 0.0,
          'DOGE': 0.0,
          'DOGE.F': 0.0,
          'DOT': 0.0,
          'DOT.F': 0.0,
          'ETH': 0.0,
          'ETH.F': 0.0,
          'KFEE': 0.0,
          'LTC': 0.0,
          'LTC.F': 0.0,
          'SOL': 0.0,
          'SOL.F': 0.0,
          'USD': 0.0,
          'USD.F': 0.0,
          'USDT': 0.0,
          'USDT.F': 0.0,
          'XRP': 0.0,
          'XRP.F': 0.0}}
Daily returns table created/verified
Trades table created/verified
Saved balance snapshot for 8ISHwPhY on 2025-11-11
Inserted 0 new trades
INFO:__main__:Starting daily Kraken balance snapshot...
INFO:__main__:SUCCESS: Saved balance $34,495.83
INFO:__main__:No previous snapshot found - skipping return calculation (first day)
INFO:__main__:Fetching trades...
INFO:__main__:Fetching trades since timestamp: 1762722160162
INFO:__main__:Starting daily Kraken balance snapshot...
INFO:__main__:SUCCESS: Saved balance $34,521.12
INFO:__main__:No previous snapshot found - skipping return calculation (first day)
INFO:__main__:Fetching trades...
INFO:__main__:Fetching trades since timestamp: 1762722160162
INFO:__main__:Trade sync complete: 0 new trades saved
{'AVAX': {'free': 0.0, 'total': 0.0, 'used': 0.0},
 'AVAX.F': {'free': 0.0052720154, 'total': 0.0052720154, 'used': 0.0},
 'BABY': {'free': 13.32033, 'total': 13.32033, 'used': 0.0},
 'BTC': {'free': 0.0, 'total': 0.0, 'used': 0.0},
 'BTC.F': {'free': 0.08328719, 'total': 0.08328719, 'used': 0.0},
 'DOGE': {'free': 0.0, 'total': 0.0, 'used': 0.0},
 'DOGE.F': {'free': 0.60365048, 'total': 0.60365048, 'used': 0.0},
 'DOT': {'free': 0.0, 'total': 0.0, 'used': 0.0},
 'DOT.F': {'free': 0.0010322587, 'total': 0.0010322587, 'used': 0.0},
 'ETH': {'free': 0.0, 'total': 0.0, 'used': 0.0},
 'ETH.F': {'free': 2.4448815624, 'total': 2.4448815624, 'used': 0.0},
 'KFEE': {'free': 0.0, 'total': 0.0, 'used': 0.0},
 'LTC': {'free': 0.0, 'total': 0.0, 'used': 0.0},
 'LTC.F': {'free': 81.5300943022, 'total': 81.5300943022, 'used': 0.0},
 'SOL': {'free': 0.0, 'total': 0.0, 'used': 0.0},
 'SOL.F': {'free': 6.9e-09, 'total': 6.9e-09, 'used': 0.0},
 'USD': {'free': 0.0, 'total': 0.0, 'used': 0.0},
 'USD.F': {'free': 109.0685, 'total': 109.0685, 'used': 0.0},
 'USDT': {'free': 0.0, 'total': 0.0, 'used': 0.0},
 'USDT.F': {'free': 0.00085697, 'total': 0.00085697, 'used': 0.0},
 'XRP': {'free': 0.0, 'total': 0.0, 'used': 0.0},
 'XRP.F': {'free': 3586.97498509, 'total': 3586.97498509, 'used': 0.0},
 'datetime': None,
 'free': {'AVAX': 0.0,
          'AVAX.F': 0.0052720154,
          'BABY': 13.32033,
          'BTC': 0.0,
          'BTC.F': 0.08328719,
          'DOGE': 0.0,
          'DOGE.F': 0.60365048,
          'DOT': 0.0,
          'DOT.F': 0.0010322587,
          'ETH': 0.0,
          'ETH.F': 2.4448815624,
          'KFEE': 0.0,
          'LTC': 0.0,
          'LTC.F': 81.5300943022,
          'SOL': 0.0,
          'SOL.F': 6.9e-09,
          'USD': 0.0,
          'USD.F': 109.0685,
          'USDT': 0.0,
          'USDT.F': 0.00085697,
          'XRP': 0.0,
          'XRP.F': 3586.97498509},
 'info': {'error': [],
          'result': {'AVAX': {'balance': '0.0000000000',
                              'hold_trade': '0.0000000000'},
                     'AVAX.F': {'balance': '0.0052720154',
                                'hold_trade': '0.0000000000'},
                     'BABY': {'balance': '13.32033', 'hold_trade': '0.00000'},
                     'DOT': {'balance': '0.0000000000',
                             'hold_trade': '0.0000000000'},
                     'DOT.F': {'balance': '0.0010322587',
                               'hold_trade': '0.0000000000'},
                     'ETH.F': {'balance': '2.4448815624',
                               'hold_trade': '0.0000000000'},
                     'KFEE': {'balance': '0.00', 'hold_trade': '0.00'},
                     'LTC.F': {'balance': '81.5300943022',
                               'hold_trade': '0.0000000000'},
                     'SOL': {'balance': '0.0000000000',
                             'hold_trade': '0.0000000000'},
                     'SOL.F': {'balance': '0.0000000069',
                               'hold_trade': '0.0000000000'},
                     'USD.F': {'balance': '109.0685', 'hold_trade': '0.0000'},
                     'USDT': {'balance': '0.00000000',
                              'hold_trade': '0.00000000'},
                     'USDT.F': {'balance': '0.00085697',
                                'hold_trade': '0.00000000'},
                     'XBT.F': {'balance': '0.0832871900',
                               'hold_trade': '0.0000000000'},
                     'XDG.F': {'balance': '0.60365048',
                               'hold_trade': '0.00000000'},
                     'XETH': {'balance': '0.0000000000',
                              'hold_trade': '0.0000000000'},
                     'XLTC': {'balance': '0.0000000000',
                              'hold_trade': '0.0000000000'},
                     'XRP.F': {'balance': '3586.97498509',
                               'hold_trade': '0.00000000'},
                     'XXBT': {'balance': '0.0000000000',
                              'hold_trade': '0.0000000000'},
                     'XXDG': {'balance': '0.00000000',
                              'hold_trade': '0.00000000'},
                     'XXRP': {'balance': '0.00000000',
                              'hold_trade': '0.00000000'},
                     'ZUSD': {'balance': '0.0000', 'hold_trade': '0.0000'}}},
 'timestamp': None,
 'total': {'AVAX': 0.0,
           'AVAX.F': 0.0052720154,
           'BABY': 13.32033,
           'BTC': 0.0,
           'BTC.F': 0.08328719,
           'DOGE': 0.0,
           'DOGE.F': 0.60365048,
           'DOT': 0.0,
           'DOT.F': 0.0010322587,
           'ETH': 0.0,
           'ETH.F': 2.4448815624,
           'KFEE': 0.0,
           'LTC': 0.0,
           'LTC.F': 81.5300943022,
           'SOL': 0.0,
           'SOL.F': 6.9e-09,
           'USD': 0.0,
           'USD.F': 109.0685,
           'USDT': 0.0,
           'USDT.F': 0.00085697,
           'XRP': 0.0,
           'XRP.F': 3586.97498509},
 'used': {'AVAX': 0.0,
          'AVAX.F': 0.0,
          'BABY': 0.0,
          'BTC': 0.0,
          'BTC.F': 0.0,
          'DOGE': 0.0,
          'DOGE.F': 0.0,
          'DOT': 0.0,
          'DOT.F': 0.0,
          'ETH': 0.0,
          'ETH.F': 0.0,
          'KFEE': 0.0,
          'LTC': 0.0,
          'LTC.F': 0.0,
          'SOL': 0.0,
          'SOL.F': 0.0,
          'USD': 0.0,
          'USD.F': 0.0,
          'USDT': 0.0,
          'USDT.F': 0.0,
          'XRP': 0.0,
          'XRP.F': 0.0}}
Daily returns table created/verified
Trades table created/verified
Saved balance snapshot for 8ISHwPhY on 2025-11-11
Inserted 0 new trades
INFO:__main__:Starting daily Kraken balance snapshot...
INFO:__main__:SUCCESS: Saved balance $34,454.87
INFO:__main__:No previous snapshot found - skipping return calculation (first day)
INFO:__main__:Fetching trades...
INFO:__main__:First trade pull - fetching all available trades
INFO:__main__:Trade sync complete: 1 new trades saved
{'AVAX': {'free': 0.0, 'total': 0.0, 'used': 0.0},
 'AVAX.F': {'free': 0.0052720154, 'total': 0.0052720154, 'used': 0.0},
 'BABY': {'free': 13.32033, 'total': 13.32033, 'used': 0.0},
 'BTC': {'free': 0.0, 'total': 0.0, 'used': 0.0},
 'BTC.F': {'free': 0.08328719, 'total': 0.08328719, 'used': 0.0},
 'DOGE': {'free': 0.0, 'total': 0.0, 'used': 0.0},
 'DOGE.F': {'free': 0.60365048, 'total': 0.60365048, 'used': 0.0},
 'DOT': {'free': 0.0, 'total': 0.0, 'used': 0.0},
 'DOT.F': {'free': 0.0010322587, 'total': 0.0010322587, 'used': 0.0},
 'ETH': {'free': 0.0, 'total': 0.0, 'used': 0.0},
 'ETH.F': {'free': 2.4448815624, 'total': 2.4448815624, 'used': 0.0},
 'KFEE': {'free': 0.0, 'total': 0.0, 'used': 0.0},
 'LTC': {'free': 0.0, 'total': 0.0, 'used': 0.0},
 'LTC.F': {'free': 81.5300943022, 'total': 81.5300943022, 'used': 0.0},
 'SOL': {'free': 0.0, 'total': 0.0, 'used': 0.0},
 'SOL.F': {'free': 6.9e-09, 'total': 6.9e-09, 'used': 0.0},
 'USD': {'free': 0.0, 'total': 0.0, 'used': 0.0},
 'USD.F': {'free': 109.0685, 'total': 109.0685, 'used': 0.0},
 'USDT': {'free': 0.0, 'total': 0.0, 'used': 0.0},
 'USDT.F': {'free': 0.00085697, 'total': 0.00085697, 'used': 0.0},
 'XRP': {'free': 0.0, 'total': 0.0, 'used': 0.0},
 'XRP.F': {'free': 3586.97498509, 'total': 3586.97498509, 'used': 0.0},
 'datetime': None,
 'free': {'AVAX': 0.0,
          'AVAX.F': 0.0052720154,
          'BABY': 13.32033,
          'BTC': 0.0,
          'BTC.F': 0.08328719,
          'DOGE': 0.0,
          'DOGE.F': 0.60365048,
          'DOT': 0.0,
          'DOT.F': 0.0010322587,
          'ETH': 0.0,
          'ETH.F': 2.4448815624,
          'KFEE': 0.0,
          'LTC': 0.0,
          'LTC.F': 81.5300943022,
          'SOL': 0.0,
          'SOL.F': 6.9e-09,
          'USD': 0.0,
          'USD.F': 109.0685,
          'USDT': 0.0,
          'USDT.F': 0.00085697,
          'XRP': 0.0,
          'XRP.F': 3586.97498509},
 'info': {'error': [],
          'result': {'AVAX': {'balance': '0.0000000000',
                              'hold_trade': '0.0000000000'},
                     'AVAX.F': {'balance': '0.0052720154',
                                'hold_trade': '0.0000000000'},
                     'BABY': {'balance': '13.32033', 'hold_trade': '0.00000'},
                     'DOT': {'balance': '0.0000000000',
                             'hold_trade': '0.0000000000'},
                     'DOT.F': {'balance': '0.0010322587',
                               'hold_trade': '0.0000000000'},
                     'ETH.F': {'balance': '2.4448815624',
                               'hold_trade': '0.0000000000'},
                     'KFEE': {'balance': '0.00', 'hold_trade': '0.00'},
                     'LTC.F': {'balance': '81.5300943022',
                               'hold_trade': '0.0000000000'},
                     'SOL': {'balance': '0.0000000000',
                             'hold_trade': '0.0000000000'},
                     'SOL.F': {'balance': '0.0000000069',
                               'hold_trade': '0.0000000000'},
                     'USD.F': {'balance': '109.0685', 'hold_trade': '0.0000'},
                     'USDT': {'balance': '0.00000000',
                              'hold_trade': '0.00000000'},
                     'USDT.F': {'balance': '0.00085697',
                                'hold_trade': '0.00000000'},
                     'XBT.F': {'balance': '0.0832871900',
                               'hold_trade': '0.0000000000'},
                     'XDG.F': {'balance': '0.60365048',
                               'hold_trade': '0.00000000'},
                     'XETH': {'balance': '0.0000000000',
                              'hold_trade': '0.0000000000'},
                     'XLTC': {'balance': '0.0000000000',
                              'hold_trade': '0.0000000000'},
                     'XRP.F': {'balance': '3586.97498509',
                               'hold_trade': '0.00000000'},
                     'XXBT': {'balance': '0.0000000000',
                              'hold_trade': '0.0000000000'},
                     'XXDG': {'balance': '0.00000000',
                              'hold_trade': '0.00000000'},
                     'XXRP': {'balance': '0.00000000',
                              'hold_trade': '0.00000000'},
                     'ZUSD': {'balance': '0.0000', 'hold_trade': '0.0000'}}},
 'timestamp': None,
 'total': {'AVAX': 0.0,
           'AVAX.F': 0.0052720154,
           'BABY': 13.32033,
           'BTC': 0.0,
           'BTC.F': 0.08328719,
           'DOGE': 0.0,
           'DOGE.F': 0.60365048,
           'DOT': 0.0,
           'DOT.F': 0.0010322587,
           'ETH': 0.0,
           'ETH.F': 2.4448815624,
           'KFEE': 0.0,
           'LTC': 0.0,
           'LTC.F': 81.5300943022,
           'SOL': 0.0,
           'SOL.F': 6.9e-09,
           'USD': 0.0,
           'USD.F': 109.0685,
           'USDT': 0.0,
           'USDT.F': 0.00085697,
           'XRP': 0.0,
           'XRP.F': 3586.97498509},
 'used': {'AVAX': 0.0,
          'AVAX.F': 0.0,
          'BABY': 0.0,
          'BTC': 0.0,
          'BTC.F': 0.0,
          'DOGE': 0.0,
          'DOGE.F': 0.0,
          'DOT': 0.0,
          'DOT.F': 0.0,
          'ETH': 0.0,
          'ETH.F': 0.0,
          'KFEE': 0.0,
          'LTC': 0.0,
          'LTC.F': 0.0,
          'SOL': 0.0,
          'SOL.F': 0.0,
          'USD': 0.0,
          'USD.F': 0.0,
          'USDT': 0.0,
          'USDT.F': 0.0,
          'XRP': 0.0,
          'XRP.F': 0.0}}
Daily returns table created/verified
Trades table created/verified
Saved balance snapshot for 8ISHwPhY on 2025-11-11
Inserted 1 new trades
